  [1m[36m (2.1ms)[0m  [1mCREATE TABLE "schema_migrations" ("version" varchar NOT NULL) [0m
  [1m[35m (14.3ms)[0m  select sqlite_version(*)
  [1m[36m (2.9ms)[0m  [1mCREATE UNIQUE INDEX "unique_schema_migrations" ON "schema_migrations" ("version")[0m
  [1m[35mActiveRecord::SchemaMigration Load (0.1ms)[0m  SELECT "schema_migrations".* FROM "schema_migrations"
Migrating to CreatePatients (20150411011648)
  [1m[36m (0.1ms)[0m  [1mbegin transaction[0m
  [1m[35m (1.2ms)[0m  CREATE TABLE "patients" ("id" INTEGER PRIMARY KEY AUTOINCREMENT NOT NULL, "PatientID" varchar, "Location" varchar, "Condition" varchar, "created_at" datetime NOT NULL, "updated_at" datetime NOT NULL) 
  [1m[36mSQL (0.3ms)[0m  [1mINSERT INTO "schema_migrations" ("version") VALUES (?)[0m  [["version", "20150411011648"]]
  [1m[35m (1.9ms)[0m  commit transaction
  [1m[36mActiveRecord::SchemaMigration Load (0.1ms)[0m  [1mSELECT "schema_migrations".* FROM "schema_migrations"[0m


Started GET "/" for ::1 at 2015-04-10 21:18:22 -0400
  [1m[36mActiveRecord::SchemaMigration Load (0.1ms)[0m  [1mSELECT "schema_migrations".* FROM "schema_migrations"[0m

ActionController::RoutingError (uninitialized constant UsersController):
  activesupport (4.2.0) lib/active_support/inflector/methods.rb:261:in `const_get'
  activesupport (4.2.0) lib/active_support/inflector/methods.rb:261:in `block in constantize'
  activesupport (4.2.0) lib/active_support/inflector/methods.rb:259:in `each'
  activesupport (4.2.0) lib/active_support/inflector/methods.rb:259:in `inject'
  activesupport (4.2.0) lib/active_support/inflector/methods.rb:259:in `constantize'
  actionpack (4.2.0) lib/action_dispatch/routing/route_set.rb:69:in `controller_reference'
  actionpack (4.2.0) lib/action_dispatch/routing/route_set.rb:59:in `controller'
  actionpack (4.2.0) lib/action_dispatch/routing/route_set.rb:38:in `serve'
  actionpack (4.2.0) lib/action_dispatch/journey/router.rb:43:in `block in serve'
  actionpack (4.2.0) lib/action_dispatch/journey/router.rb:30:in `each'
  actionpack (4.2.0) lib/action_dispatch/journey/router.rb:30:in `serve'
  actionpack (4.2.0) lib/action_dispatch/routing/route_set.rb:802:in `call'
  rack (1.6.0) lib/rack/etag.rb:24:in `call'
  rack (1.6.0) lib/rack/conditionalget.rb:25:in `call'
  rack (1.6.0) lib/rack/head.rb:13:in `call'
  actionpack (4.2.0) lib/action_dispatch/middleware/params_parser.rb:27:in `call'
  actionpack (4.2.0) lib/action_dispatch/middleware/flash.rb:260:in `call'
  rack (1.6.0) lib/rack/session/abstract/id.rb:225:in `context'
  rack (1.6.0) lib/rack/session/abstract/id.rb:220:in `call'
  actionpack (4.2.0) lib/action_dispatch/middleware/cookies.rb:560:in `call'
  activerecord (4.2.0) lib/active_record/query_cache.rb:36:in `call'
  activerecord (4.2.0) lib/active_record/connection_adapters/abstract/connection_pool.rb:647:in `call'
  activerecord (4.2.0) lib/active_record/migration.rb:378:in `call'
  actionpack (4.2.0) lib/action_dispatch/middleware/callbacks.rb:29:in `block in call'
  activesupport (4.2.0) lib/active_support/callbacks.rb:88:in `call'
  activesupport (4.2.0) lib/active_support/callbacks.rb:88:in `_run_callbacks'
  activesupport (4.2.0) lib/active_support/callbacks.rb:734:in `_run_call_callbacks'
  activesupport (4.2.0) lib/active_support/callbacks.rb:81:in `run_callbacks'
  actionpack (4.2.0) lib/action_dispatch/middleware/callbacks.rb:27:in `call'
  actionpack (4.2.0) lib/action_dispatch/middleware/reloader.rb:73:in `call'
  actionpack (4.2.0) lib/action_dispatch/middleware/remote_ip.rb:78:in `call'
  actionpack (4.2.0) lib/action_dispatch/middleware/debug_exceptions.rb:17:in `call'
  web-console (2.1.2) lib/web_console/middleware.rb:37:in `call'
  actionpack (4.2.0) lib/action_dispatch/middleware/show_exceptions.rb:30:in `call'
  railties (4.2.0) lib/rails/rack/logger.rb:38:in `call_app'
  railties (4.2.0) lib/rails/rack/logger.rb:20:in `block in call'
  activesupport (4.2.0) lib/active_support/tagged_logging.rb:68:in `block in tagged'
  activesupport (4.2.0) lib/active_support/tagged_logging.rb:26:in `tagged'
  activesupport (4.2.0) lib/active_support/tagged_logging.rb:68:in `tagged'
  railties (4.2.0) lib/rails/rack/logger.rb:20:in `call'
  actionpack (4.2.0) lib/action_dispatch/middleware/request_id.rb:21:in `call'
  rack (1.6.0) lib/rack/methodoverride.rb:22:in `call'
  rack (1.6.0) lib/rack/runtime.rb:18:in `call'
  activesupport (4.2.0) lib/active_support/cache/strategy/local_cache_middleware.rb:28:in `call'
  rack (1.6.0) lib/rack/lock.rb:17:in `call'
  actionpack (4.2.0) lib/action_dispatch/middleware/static.rb:113:in `call'
  rack (1.6.0) lib/rack/sendfile.rb:113:in `call'
  railties (4.2.0) lib/rails/engine.rb:518:in `call'
  railties (4.2.0) lib/rails/application.rb:164:in `call'
  rack (1.6.0) lib/rack/lock.rb:17:in `call'
  rack (1.6.0) lib/rack/content_length.rb:15:in `call'
  rack (1.6.0) lib/rack/handler/webrick.rb:89:in `service'
  /Users/annietran/.rvm/rubies/ruby-2.2.0/lib/ruby/2.2.0/webrick/httpserver.rb:138:in `service'
  /Users/annietran/.rvm/rubies/ruby-2.2.0/lib/ruby/2.2.0/webrick/httpserver.rb:94:in `run'
  /Users/annietran/.rvm/rubies/ruby-2.2.0/lib/ruby/2.2.0/webrick/server.rb:294:in `block in start_thread'


  Rendered /Users/annietran/.rvm/gems/ruby-2.2.0/gems/actionpack-4.2.0/lib/action_dispatch/middleware/templates/rescues/_trace.html.erb (2.4ms)
  Rendered /Users/annietran/.rvm/gems/ruby-2.2.0/gems/actionpack-4.2.0/lib/action_dispatch/middleware/templates/routes/_route.html.erb (1.3ms)
  Rendered /Users/annietran/.rvm/gems/ruby-2.2.0/gems/actionpack-4.2.0/lib/action_dispatch/middleware/templates/routes/_table.html.erb (31.2ms)
  Rendered /Users/annietran/.rvm/gems/ruby-2.2.0/gems/actionpack-4.2.0/lib/action_dispatch/middleware/templates/rescues/_request_and_response.html.erb (30.7ms)
  Rendered /Users/annietran/.rvm/gems/ruby-2.2.0/gems/actionpack-4.2.0/lib/action_dispatch/middleware/templates/rescues/routing_error.html.erb within rescues/layout (162.3ms)
  Rendered /Users/annietran/.rvm/gems/ruby-2.2.0/gems/web-console-2.1.2/lib/web_console/templates/_markup.html.erb (0.5ms)
  Rendered /Users/annietran/.rvm/gems/ruby-2.2.0/gems/web-console-2.1.2/lib/web_console/templates/style.css.erb within layouts/inlined_string (0.4ms)
  Rendered /Users/annietran/.rvm/gems/ruby-2.2.0/gems/web-console-2.1.2/lib/web_console/templates/_inner_console_markup.html.erb within layouts/inlined_string (0.6ms)
  Rendered /Users/annietran/.rvm/gems/ruby-2.2.0/gems/web-console-2.1.2/lib/web_console/templates/_prompt_box_markup.html.erb within layouts/inlined_string (0.3ms)
  Rendered /Users/annietran/.rvm/gems/ruby-2.2.0/gems/web-console-2.1.2/lib/web_console/templates/console.js.erb within layouts/javascript (63.1ms)
  Rendered /Users/annietran/.rvm/gems/ruby-2.2.0/gems/web-console-2.1.2/lib/web_console/templates/main.js.erb within layouts/javascript (0.4ms)
  Rendered /Users/annietran/.rvm/gems/ruby-2.2.0/gems/web-console-2.1.2/lib/web_console/templates/error_page.js.erb within layouts/javascript (0.5ms)
  Rendered /Users/annietran/.rvm/gems/ruby-2.2.0/gems/web-console-2.1.2/lib/web_console/templates/index.html.erb (149.3ms)


Started GET "/" for ::1 at 2015-04-10 21:18:37 -0400
Processing by PatientsController#index as HTML
  [1m[35mPatient Load (0.3ms)[0m  SELECT "patients".* FROM "patients"
  Rendered patients/index.html.erb within layouts/application (3.2ms)
Completed 200 OK in 1854ms (Views: 1845.7ms | ActiveRecord: 0.5ms)


Started GET "/assets/patients-64e62ddc273c2f5847f30d698ca14b67.css?body=1" for ::1 at 2015-04-10 21:18:40 -0400


Started GET "/assets/scaffolds-c8ef6f27dee7de1209db9f5ea063d43f.css?body=1" for ::1 at 2015-04-10 21:18:40 -0400


Started GET "/assets/jquery-87424c3c19e96d4fb033c10ebe21ec40.js?body=1" for ::1 at 2015-04-10 21:18:40 -0400


Started GET "/assets/turbolinks-f87b3583ca50adb0488b031297f5580d.js?body=1" for ::1 at 2015-04-10 21:18:40 -0400


Started GET "/assets/application-886b60710b935afa87e768d196b427eb.css?body=1" for ::1 at 2015-04-10 21:18:40 -0400


Started GET "/assets/jquery_ujs-e27bd20a10d28155845a22d71ef94f2f.js?body=1" for ::1 at 2015-04-10 21:18:40 -0400


Started GET "/assets/patients-fcec5b5a277ac7c20cc9f45a209a3bcd.js?body=1" for ::1 at 2015-04-10 21:18:40 -0400


Started GET "/assets/application-001948a807d6467a657420955d9f0c1c.js?body=1" for ::1 at 2015-04-10 21:18:40 -0400
  [1m[36mPatient Load (19.4ms)[0m  [1mSELECT  "patients".* FROM "patients"  ORDER BY "patients"."id" ASC LIMIT 1[0m
  [1m[36mActiveRecord::SchemaMigration Load (10.2ms)[0m  [1mSELECT "schema_migrations".* FROM "schema_migrations"[0m
Migrating to CreateUpdates (20150411013710)
  [1m[35m (0.1ms)[0m  begin transaction
  [1m[36m (0.7ms)[0m  [1mCREATE TABLE "updates" ("id" INTEGER PRIMARY KEY AUTOINCREMENT NOT NULL, "PatientID" varchar, "Date" date, "Time" time, "Condition" varchar, "created_at" datetime NOT NULL, "updated_at" datetime NOT NULL) [0m
  [1m[35mSQL (0.4ms)[0m  INSERT INTO "schema_migrations" ("version") VALUES (?)  [["version", "20150411013710"]]
  [1m[36m (16.2ms)[0m  [1mcommit transaction[0m
  [1m[35mActiveRecord::SchemaMigration Load (0.2ms)[0m  SELECT "schema_migrations".* FROM "schema_migrations"


Started GET "/" for ::1 at 2015-04-10 21:47:03 -0400
  [1m[36mActiveRecord::SchemaMigration Load (0.2ms)[0m  [1mSELECT "schema_migrations".* FROM "schema_migrations"[0m
Processing by PatientsController#index as HTML
  [1m[35mPatient Load (0.2ms)[0m  SELECT "patients".* FROM "patients"
  Rendered patients/index.html.erb within layouts/application (3.9ms)
Completed 200 OK in 757ms (Views: 720.8ms | ActiveRecord: 0.4ms)


Started GET "/assets/updates-64e62ddc273c2f5847f30d698ca14b67.css?body=1" for ::1 at 2015-04-10 21:47:05 -0400


Started GET "/assets/updates-fcec5b5a277ac7c20cc9f45a209a3bcd.js?body=1" for ::1 at 2015-04-10 21:47:05 -0400


Started GET "/assets/application-d5dd9df895e734baa4e6c45e5b5415a9.js?body=1" for ::1 at 2015-04-10 21:47:05 -0400


Started GET "/assets/scaffolds-c8ef6f27dee7de1209db9f5ea063d43f.css?body=1" for ::1 at 2015-04-10 21:47:05 -0400


Started GET "/assets/patients-64e62ddc273c2f5847f30d698ca14b67.css?body=1" for ::1 at 2015-04-10 21:47:05 -0400


Started GET "/assets/application-886b60710b935afa87e768d196b427eb.css?body=1" for ::1 at 2015-04-10 21:47:05 -0400


Started GET "/assets/jquery-87424c3c19e96d4fb033c10ebe21ec40.js?body=1" for ::1 at 2015-04-10 21:47:05 -0400


Started GET "/assets/jquery_ujs-e27bd20a10d28155845a22d71ef94f2f.js?body=1" for ::1 at 2015-04-10 21:47:05 -0400


Started GET "/assets/turbolinks-f87b3583ca50adb0488b031297f5580d.js?body=1" for ::1 at 2015-04-10 21:47:05 -0400


Started GET "/assets/patients-fcec5b5a277ac7c20cc9f45a209a3bcd.js?body=1" for ::1 at 2015-04-10 21:47:05 -0400


Started GET "/patients/new" for ::1 at 2015-04-10 21:47:06 -0400
Processing by PatientsController#new as HTML
  Rendered patients/_form.html.erb (143.8ms)
  Rendered patients/new.html.erb within layouts/application (168.4ms)
Completed 200 OK in 268ms (Views: 260.7ms | ActiveRecord: 0.5ms)


Started GET "/patients/new" for ::1 at 2015-04-10 21:47:10 -0400
Processing by PatientsController#new as HTML
  Rendered patients/_form.html.erb (1.9ms)
  Rendered patients/new.html.erb within layouts/application (4.9ms)
Completed 200 OK in 68ms (Views: 67.0ms | ActiveRecord: 0.0ms)


Started GET "/patients" for ::1 at 2015-04-10 21:47:11 -0400
Processing by PatientsController#index as HTML
  [1m[36mPatient Load (0.2ms)[0m  [1mSELECT "patients".* FROM "patients"[0m
  Rendered patients/index.html.erb within layouts/application (1.5ms)
Completed 200 OK in 76ms (Views: 75.1ms | ActiveRecord: 0.1ms)


Started GET "/patients" for ::1 at 2015-04-10 21:47:36 -0400
Processing by PatientsController#index as HTML
  [1m[35mPatient Load (0.3ms)[0m  SELECT "patients".* FROM "patients"
  Rendered patients/index.html.erb within layouts/application (1.6ms)
Completed 200 OK in 66ms (Views: 63.3ms | ActiveRecord: 0.4ms)


Started GET "/assets/patients-64e62ddc273c2f5847f30d698ca14b67.css?body=1" for ::1 at 2015-04-10 21:47:37 -0400


Started GET "/assets/updates-64e62ddc273c2f5847f30d698ca14b67.css?body=1" for ::1 at 2015-04-10 21:47:37 -0400


Started GET "/assets/scaffolds-c8ef6f27dee7de1209db9f5ea063d43f.css?body=1" for ::1 at 2015-04-10 21:47:37 -0400


Started GET "/assets/application-886b60710b935afa87e768d196b427eb.css?body=1" for ::1 at 2015-04-10 21:47:37 -0400


Started GET "/assets/turbolinks-f87b3583ca50adb0488b031297f5580d.js?body=1" for ::1 at 2015-04-10 21:47:37 -0400


Started GET "/assets/jquery-87424c3c19e96d4fb033c10ebe21ec40.js?body=1" for ::1 at 2015-04-10 21:47:37 -0400


Started GET "/assets/patients-fcec5b5a277ac7c20cc9f45a209a3bcd.js?body=1" for ::1 at 2015-04-10 21:47:37 -0400


Started GET "/assets/jquery_ujs-e27bd20a10d28155845a22d71ef94f2f.js?body=1" for ::1 at 2015-04-10 21:47:37 -0400


Started GET "/assets/updates-fcec5b5a277ac7c20cc9f45a209a3bcd.js?body=1" for ::1 at 2015-04-10 21:47:37 -0400


Started GET "/assets/application-d5dd9df895e734baa4e6c45e5b5415a9.js?body=1" for ::1 at 2015-04-10 21:47:37 -0400


Started GET "/patients" for ::1 at 2015-04-10 21:47:39 -0400
Processing by PatientsController#index as HTML
  [1m[36mPatient Load (0.2ms)[0m  [1mSELECT "patients".* FROM "patients"[0m
  Rendered patients/index.html.erb within layouts/application (0.8ms)
Completed 200 OK in 71ms (Views: 69.8ms | ActiveRecord: 0.2ms)


Started GET "/assets/patients-64e62ddc273c2f5847f30d698ca14b67.css?body=1" for ::1 at 2015-04-10 21:47:39 -0400


Started GET "/assets/jquery-87424c3c19e96d4fb033c10ebe21ec40.js?body=1" for ::1 at 2015-04-10 21:47:39 -0400


Started GET "/assets/turbolinks-f87b3583ca50adb0488b031297f5580d.js?body=1" for ::1 at 2015-04-10 21:47:39 -0400


Started GET "/assets/scaffolds-c8ef6f27dee7de1209db9f5ea063d43f.css?body=1" for ::1 at 2015-04-10 21:47:39 -0400


Started GET "/assets/application-886b60710b935afa87e768d196b427eb.css?body=1" for ::1 at 2015-04-10 21:47:39 -0400


Started GET "/assets/updates-64e62ddc273c2f5847f30d698ca14b67.css?body=1" for ::1 at 2015-04-10 21:47:39 -0400


Started GET "/assets/jquery_ujs-e27bd20a10d28155845a22d71ef94f2f.js?body=1" for ::1 at 2015-04-10 21:47:39 -0400


Started GET "/assets/patients-fcec5b5a277ac7c20cc9f45a209a3bcd.js?body=1" for ::1 at 2015-04-10 21:47:39 -0400


Started GET "/assets/updates-fcec5b5a277ac7c20cc9f45a209a3bcd.js?body=1" for ::1 at 2015-04-10 21:47:39 -0400


Started GET "/assets/application-d5dd9df895e734baa4e6c45e5b5415a9.js?body=1" for ::1 at 2015-04-10 21:47:39 -0400


Started GET "/patients" for ::1 at 2015-04-10 21:47:51 -0400
Processing by PatientsController#index as HTML
  [1m[35mPatient Load (0.3ms)[0m  SELECT "patients".* FROM "patients"
  Rendered patients/index.html.erb within layouts/application (2.5ms)
Completed 200 OK in 94ms (Views: 91.1ms | ActiveRecord: 0.6ms)


Started GET "/assets/patients-64e62ddc273c2f5847f30d698ca14b67.css?body=1" for ::1 at 2015-04-10 21:47:52 -0400


Started GET "/assets/jquery_ujs-e27bd20a10d28155845a22d71ef94f2f.js?body=1" for ::1 at 2015-04-10 21:47:52 -0400


Started GET "/assets/jquery-87424c3c19e96d4fb033c10ebe21ec40.js?body=1" for ::1 at 2015-04-10 21:47:52 -0400


Started GET "/assets/updates-64e62ddc273c2f5847f30d698ca14b67.css?body=1" for ::1 at 2015-04-10 21:47:52 -0400


Started GET "/assets/application-886b60710b935afa87e768d196b427eb.css?body=1" for ::1 at 2015-04-10 21:47:52 -0400


Started GET "/assets/scaffolds-c8ef6f27dee7de1209db9f5ea063d43f.css?body=1" for ::1 at 2015-04-10 21:47:52 -0400


Started GET "/assets/turbolinks-f87b3583ca50adb0488b031297f5580d.js?body=1" for ::1 at 2015-04-10 21:47:52 -0400


Started GET "/assets/patients-fcec5b5a277ac7c20cc9f45a209a3bcd.js?body=1" for ::1 at 2015-04-10 21:47:52 -0400


Started GET "/assets/updates-fcec5b5a277ac7c20cc9f45a209a3bcd.js?body=1" for ::1 at 2015-04-10 21:47:52 -0400


Started GET "/assets/application-d5dd9df895e734baa4e6c45e5b5415a9.js?body=1" for ::1 at 2015-04-10 21:47:52 -0400


Started GET "/patients" for ::1 at 2015-04-10 21:47:54 -0400
Processing by PatientsController#index as HTML
  [1m[36mPatient Load (0.2ms)[0m  [1mSELECT "patients".* FROM "patients"[0m
  Rendered patients/index.html.erb within layouts/application (0.9ms)
Completed 200 OK in 63ms (Views: 62.3ms | ActiveRecord: 0.2ms)


Started GET "/assets/scaffolds-c8ef6f27dee7de1209db9f5ea063d43f.css?body=1" for ::1 at 2015-04-10 21:47:54 -0400


Started GET "/assets/patients-64e62ddc273c2f5847f30d698ca14b67.css?body=1" for ::1 at 2015-04-10 21:47:54 -0400


Started GET "/assets/application-886b60710b935afa87e768d196b427eb.css?body=1" for ::1 at 2015-04-10 21:47:54 -0400


Started GET "/assets/updates-64e62ddc273c2f5847f30d698ca14b67.css?body=1" for ::1 at 2015-04-10 21:47:54 -0400


Started GET "/assets/jquery-87424c3c19e96d4fb033c10ebe21ec40.js?body=1" for ::1 at 2015-04-10 21:47:54 -0400


Started GET "/assets/jquery_ujs-e27bd20a10d28155845a22d71ef94f2f.js?body=1" for ::1 at 2015-04-10 21:47:54 -0400


Started GET "/assets/turbolinks-f87b3583ca50adb0488b031297f5580d.js?body=1" for ::1 at 2015-04-10 21:47:54 -0400


Started GET "/assets/patients-fcec5b5a277ac7c20cc9f45a209a3bcd.js?body=1" for ::1 at 2015-04-10 21:47:54 -0400


Started GET "/assets/updates-fcec5b5a277ac7c20cc9f45a209a3bcd.js?body=1" for ::1 at 2015-04-10 21:47:54 -0400


Started GET "/assets/application-d5dd9df895e734baa4e6c45e5b5415a9.js?body=1" for ::1 at 2015-04-10 21:47:54 -0400


Started GET "/patients" for ::1 at 2015-04-10 21:48:34 -0400
Processing by PatientsController#index as HTML
  [1m[35mPatient Load (0.5ms)[0m  SELECT "patients".* FROM "patients"
  Rendered patients/index.html.erb within layouts/application (2.0ms)
Completed 200 OK in 100ms (Views: 95.9ms | ActiveRecord: 0.6ms)


Started GET "/assets/patients-64e62ddc273c2f5847f30d698ca14b67.css?body=1" for ::1 at 2015-04-10 21:48:34 -0400


Started GET "/assets/scaffolds-c8ef6f27dee7de1209db9f5ea063d43f.css?body=1" for ::1 at 2015-04-10 21:48:34 -0400


Started GET "/assets/updates-64e62ddc273c2f5847f30d698ca14b67.css?body=1" for ::1 at 2015-04-10 21:48:34 -0400


Started GET "/assets/application-886b60710b935afa87e768d196b427eb.css?body=1" for ::1 at 2015-04-10 21:48:34 -0400


Started GET "/assets/jquery-87424c3c19e96d4fb033c10ebe21ec40.js?body=1" for ::1 at 2015-04-10 21:48:34 -0400


Started GET "/assets/turbolinks-f87b3583ca50adb0488b031297f5580d.js?body=1" for ::1 at 2015-04-10 21:48:34 -0400


Started GET "/assets/jquery_ujs-e27bd20a10d28155845a22d71ef94f2f.js?body=1" for ::1 at 2015-04-10 21:48:34 -0400


Started GET "/assets/patients-fcec5b5a277ac7c20cc9f45a209a3bcd.js?body=1" for ::1 at 2015-04-10 21:48:34 -0400


Started GET "/assets/updates-fcec5b5a277ac7c20cc9f45a209a3bcd.js?body=1" for ::1 at 2015-04-10 21:48:34 -0400


Started GET "/assets/application-d5dd9df895e734baa4e6c45e5b5415a9.js?body=1" for ::1 at 2015-04-10 21:48:34 -0400


Started GET "/patients" for ::1 at 2015-04-10 21:48:39 -0400
Processing by PatientsController#index as HTML
  [1m[36mPatient Load (0.4ms)[0m  [1mSELECT "patients".* FROM "patients"[0m
  Rendered patients/index.html.erb within layouts/application (1.2ms)
Completed 200 OK in 60ms (Views: 58.5ms | ActiveRecord: 0.4ms)


Started GET "/assets/patients-64e62ddc273c2f5847f30d698ca14b67.css?body=1" for ::1 at 2015-04-10 21:48:40 -0400


Started GET "/assets/scaffolds-c8ef6f27dee7de1209db9f5ea063d43f.css?body=1" for ::1 at 2015-04-10 21:48:40 -0400


Started GET "/assets/updates-64e62ddc273c2f5847f30d698ca14b67.css?body=1" for ::1 at 2015-04-10 21:48:40 -0400


Started GET "/assets/jquery-87424c3c19e96d4fb033c10ebe21ec40.js?body=1" for ::1 at 2015-04-10 21:48:40 -0400


Started GET "/assets/application-886b60710b935afa87e768d196b427eb.css?body=1" for ::1 at 2015-04-10 21:48:40 -0400


Started GET "/assets/turbolinks-f87b3583ca50adb0488b031297f5580d.js?body=1" for ::1 at 2015-04-10 21:48:40 -0400


Started GET "/assets/jquery_ujs-e27bd20a10d28155845a22d71ef94f2f.js?body=1" for ::1 at 2015-04-10 21:48:40 -0400


Started GET "/assets/patients-fcec5b5a277ac7c20cc9f45a209a3bcd.js?body=1" for ::1 at 2015-04-10 21:48:40 -0400


Started GET "/assets/updates-fcec5b5a277ac7c20cc9f45a209a3bcd.js?body=1" for ::1 at 2015-04-10 21:48:40 -0400


Started GET "/assets/application-d5dd9df895e734baa4e6c45e5b5415a9.js?body=1" for ::1 at 2015-04-10 21:48:40 -0400


Started GET "/patients" for ::1 at 2015-04-10 21:48:42 -0400
Processing by PatientsController#index as HTML
  [1m[35mPatient Load (0.2ms)[0m  SELECT "patients".* FROM "patients"
  Rendered patients/index.html.erb within layouts/application (0.8ms)
Completed 200 OK in 55ms (Views: 54.4ms | ActiveRecord: 0.2ms)


Started GET "/assets/patients-64e62ddc273c2f5847f30d698ca14b67.css?body=1" for ::1 at 2015-04-10 21:48:42 -0400


Started GET "/assets/scaffolds-c8ef6f27dee7de1209db9f5ea063d43f.css?body=1" for ::1 at 2015-04-10 21:48:42 -0400


Started GET "/assets/updates-64e62ddc273c2f5847f30d698ca14b67.css?body=1" for ::1 at 2015-04-10 21:48:42 -0400


Started GET "/assets/jquery_ujs-e27bd20a10d28155845a22d71ef94f2f.js?body=1" for ::1 at 2015-04-10 21:48:42 -0400


Started GET "/assets/turbolinks-f87b3583ca50adb0488b031297f5580d.js?body=1" for ::1 at 2015-04-10 21:48:42 -0400


Started GET "/assets/application-886b60710b935afa87e768d196b427eb.css?body=1" for ::1 at 2015-04-10 21:48:42 -0400


Started GET "/assets/jquery-87424c3c19e96d4fb033c10ebe21ec40.js?body=1" for ::1 at 2015-04-10 21:48:42 -0400


Started GET "/assets/patients-fcec5b5a277ac7c20cc9f45a209a3bcd.js?body=1" for ::1 at 2015-04-10 21:48:42 -0400


Started GET "/assets/updates-fcec5b5a277ac7c20cc9f45a209a3bcd.js?body=1" for ::1 at 2015-04-10 21:48:42 -0400


Started GET "/assets/application-d5dd9df895e734baa4e6c45e5b5415a9.js?body=1" for ::1 at 2015-04-10 21:48:42 -0400


Started GET "/update" for ::1 at 2015-04-10 21:48:48 -0400

ActionController::RoutingError (uninitialized constant UpdateController):
  activesupport (4.2.0) lib/active_support/inflector/methods.rb:261:in `const_get'
  activesupport (4.2.0) lib/active_support/inflector/methods.rb:261:in `block in constantize'
  activesupport (4.2.0) lib/active_support/inflector/methods.rb:259:in `each'
  activesupport (4.2.0) lib/active_support/inflector/methods.rb:259:in `inject'
  activesupport (4.2.0) lib/active_support/inflector/methods.rb:259:in `constantize'
  actionpack (4.2.0) lib/action_dispatch/routing/route_set.rb:69:in `controller_reference'
  actionpack (4.2.0) lib/action_dispatch/routing/route_set.rb:59:in `controller'
  actionpack (4.2.0) lib/action_dispatch/routing/route_set.rb:38:in `serve'
  actionpack (4.2.0) lib/action_dispatch/journey/router.rb:43:in `block in serve'
  actionpack (4.2.0) lib/action_dispatch/journey/router.rb:30:in `each'
  actionpack (4.2.0) lib/action_dispatch/journey/router.rb:30:in `serve'
  actionpack (4.2.0) lib/action_dispatch/routing/route_set.rb:802:in `call'
  rack (1.6.0) lib/rack/etag.rb:24:in `call'
  rack (1.6.0) lib/rack/conditionalget.rb:25:in `call'
  rack (1.6.0) lib/rack/head.rb:13:in `call'
  actionpack (4.2.0) lib/action_dispatch/middleware/params_parser.rb:27:in `call'
  actionpack (4.2.0) lib/action_dispatch/middleware/flash.rb:260:in `call'
  rack (1.6.0) lib/rack/session/abstract/id.rb:225:in `context'
  rack (1.6.0) lib/rack/session/abstract/id.rb:220:in `call'
  actionpack (4.2.0) lib/action_dispatch/middleware/cookies.rb:560:in `call'
  activerecord (4.2.0) lib/active_record/query_cache.rb:36:in `call'
  activerecord (4.2.0) lib/active_record/connection_adapters/abstract/connection_pool.rb:647:in `call'
  activerecord (4.2.0) lib/active_record/migration.rb:378:in `call'
  actionpack (4.2.0) lib/action_dispatch/middleware/callbacks.rb:29:in `block in call'
  activesupport (4.2.0) lib/active_support/callbacks.rb:88:in `call'
  activesupport (4.2.0) lib/active_support/callbacks.rb:88:in `_run_callbacks'
  activesupport (4.2.0) lib/active_support/callbacks.rb:734:in `_run_call_callbacks'
  activesupport (4.2.0) lib/active_support/callbacks.rb:81:in `run_callbacks'
  actionpack (4.2.0) lib/action_dispatch/middleware/callbacks.rb:27:in `call'
  actionpack (4.2.0) lib/action_dispatch/middleware/reloader.rb:73:in `call'
  actionpack (4.2.0) lib/action_dispatch/middleware/remote_ip.rb:78:in `call'
  actionpack (4.2.0) lib/action_dispatch/middleware/debug_exceptions.rb:17:in `call'
  web-console (2.1.2) lib/web_console/middleware.rb:37:in `call'
  actionpack (4.2.0) lib/action_dispatch/middleware/show_exceptions.rb:30:in `call'
  railties (4.2.0) lib/rails/rack/logger.rb:38:in `call_app'
  railties (4.2.0) lib/rails/rack/logger.rb:20:in `block in call'
  activesupport (4.2.0) lib/active_support/tagged_logging.rb:68:in `block in tagged'
  activesupport (4.2.0) lib/active_support/tagged_logging.rb:26:in `tagged'
  activesupport (4.2.0) lib/active_support/tagged_logging.rb:68:in `tagged'
  railties (4.2.0) lib/rails/rack/logger.rb:20:in `call'
  actionpack (4.2.0) lib/action_dispatch/middleware/request_id.rb:21:in `call'
  rack (1.6.0) lib/rack/methodoverride.rb:22:in `call'
  rack (1.6.0) lib/rack/runtime.rb:18:in `call'
  activesupport (4.2.0) lib/active_support/cache/strategy/local_cache_middleware.rb:28:in `call'
  rack (1.6.0) lib/rack/lock.rb:17:in `call'
  actionpack (4.2.0) lib/action_dispatch/middleware/static.rb:113:in `call'
  rack (1.6.0) lib/rack/sendfile.rb:113:in `call'
  railties (4.2.0) lib/rails/engine.rb:518:in `call'
  railties (4.2.0) lib/rails/application.rb:164:in `call'
  rack (1.6.0) lib/rack/lock.rb:17:in `call'
  rack (1.6.0) lib/rack/content_length.rb:15:in `call'
  rack (1.6.0) lib/rack/handler/webrick.rb:89:in `service'
  /Users/annietran/.rvm/rubies/ruby-2.2.0/lib/ruby/2.2.0/webrick/httpserver.rb:138:in `service'
  /Users/annietran/.rvm/rubies/ruby-2.2.0/lib/ruby/2.2.0/webrick/httpserver.rb:94:in `run'
  /Users/annietran/.rvm/rubies/ruby-2.2.0/lib/ruby/2.2.0/webrick/server.rb:294:in `block in start_thread'


  Rendered /Users/annietran/.rvm/gems/ruby-2.2.0/gems/actionpack-4.2.0/lib/action_dispatch/middleware/templates/rescues/_trace.html.erb (2.2ms)
  Rendered /Users/annietran/.rvm/gems/ruby-2.2.0/gems/actionpack-4.2.0/lib/action_dispatch/middleware/templates/routes/_route.html.erb (1.6ms)
  Rendered /Users/annietran/.rvm/gems/ruby-2.2.0/gems/actionpack-4.2.0/lib/action_dispatch/middleware/templates/routes/_table.html.erb (28.2ms)
  Rendered /Users/annietran/.rvm/gems/ruby-2.2.0/gems/actionpack-4.2.0/lib/action_dispatch/middleware/templates/rescues/_request_and_response.html.erb (1.3ms)
  Rendered /Users/annietran/.rvm/gems/ruby-2.2.0/gems/actionpack-4.2.0/lib/action_dispatch/middleware/templates/rescues/routing_error.html.erb within rescues/layout (127.4ms)
  Rendered /Users/annietran/.rvm/gems/ruby-2.2.0/gems/web-console-2.1.2/lib/web_console/templates/_markup.html.erb (0.4ms)
  Rendered /Users/annietran/.rvm/gems/ruby-2.2.0/gems/web-console-2.1.2/lib/web_console/templates/style.css.erb within layouts/inlined_string (0.4ms)
  Rendered /Users/annietran/.rvm/gems/ruby-2.2.0/gems/web-console-2.1.2/lib/web_console/templates/_inner_console_markup.html.erb within layouts/inlined_string (0.3ms)
  Rendered /Users/annietran/.rvm/gems/ruby-2.2.0/gems/web-console-2.1.2/lib/web_console/templates/_prompt_box_markup.html.erb within layouts/inlined_string (0.4ms)
  Rendered /Users/annietran/.rvm/gems/ruby-2.2.0/gems/web-console-2.1.2/lib/web_console/templates/console.js.erb within layouts/javascript (59.6ms)
  Rendered /Users/annietran/.rvm/gems/ruby-2.2.0/gems/web-console-2.1.2/lib/web_console/templates/main.js.erb within layouts/javascript (0.6ms)
  Rendered /Users/annietran/.rvm/gems/ruby-2.2.0/gems/web-console-2.1.2/lib/web_console/templates/error_page.js.erb within layouts/javascript (0.6ms)
  Rendered /Users/annietran/.rvm/gems/ruby-2.2.0/gems/web-console-2.1.2/lib/web_console/templates/index.html.erb (147.9ms)


Started GET "/update" for ::1 at 2015-04-10 21:49:01 -0400

ActionController::RoutingError (uninitialized constant UpdateController):
  activesupport (4.2.0) lib/active_support/inflector/methods.rb:261:in `const_get'
  activesupport (4.2.0) lib/active_support/inflector/methods.rb:261:in `block in constantize'
  activesupport (4.2.0) lib/active_support/inflector/methods.rb:259:in `each'
  activesupport (4.2.0) lib/active_support/inflector/methods.rb:259:in `inject'
  activesupport (4.2.0) lib/active_support/inflector/methods.rb:259:in `constantize'
  actionpack (4.2.0) lib/action_dispatch/routing/route_set.rb:69:in `controller_reference'
  actionpack (4.2.0) lib/action_dispatch/routing/route_set.rb:59:in `controller'
  actionpack (4.2.0) lib/action_dispatch/routing/route_set.rb:38:in `serve'
  actionpack (4.2.0) lib/action_dispatch/journey/router.rb:43:in `block in serve'
  actionpack (4.2.0) lib/action_dispatch/journey/router.rb:30:in `each'
  actionpack (4.2.0) lib/action_dispatch/journey/router.rb:30:in `serve'
  actionpack (4.2.0) lib/action_dispatch/routing/route_set.rb:802:in `call'
  rack (1.6.0) lib/rack/etag.rb:24:in `call'
  rack (1.6.0) lib/rack/conditionalget.rb:25:in `call'
  rack (1.6.0) lib/rack/head.rb:13:in `call'
  actionpack (4.2.0) lib/action_dispatch/middleware/params_parser.rb:27:in `call'
  actionpack (4.2.0) lib/action_dispatch/middleware/flash.rb:260:in `call'
  rack (1.6.0) lib/rack/session/abstract/id.rb:225:in `context'
  rack (1.6.0) lib/rack/session/abstract/id.rb:220:in `call'
  actionpack (4.2.0) lib/action_dispatch/middleware/cookies.rb:560:in `call'
  activerecord (4.2.0) lib/active_record/query_cache.rb:36:in `call'
  activerecord (4.2.0) lib/active_record/connection_adapters/abstract/connection_pool.rb:647:in `call'
  activerecord (4.2.0) lib/active_record/migration.rb:378:in `call'
  actionpack (4.2.0) lib/action_dispatch/middleware/callbacks.rb:29:in `block in call'
  activesupport (4.2.0) lib/active_support/callbacks.rb:88:in `call'
  activesupport (4.2.0) lib/active_support/callbacks.rb:88:in `_run_callbacks'
  activesupport (4.2.0) lib/active_support/callbacks.rb:734:in `_run_call_callbacks'
  activesupport (4.2.0) lib/active_support/callbacks.rb:81:in `run_callbacks'
  actionpack (4.2.0) lib/action_dispatch/middleware/callbacks.rb:27:in `call'
  actionpack (4.2.0) lib/action_dispatch/middleware/reloader.rb:73:in `call'
  actionpack (4.2.0) lib/action_dispatch/middleware/remote_ip.rb:78:in `call'
  actionpack (4.2.0) lib/action_dispatch/middleware/debug_exceptions.rb:17:in `call'
  web-console (2.1.2) lib/web_console/middleware.rb:37:in `call'
  actionpack (4.2.0) lib/action_dispatch/middleware/show_exceptions.rb:30:in `call'
  railties (4.2.0) lib/rails/rack/logger.rb:38:in `call_app'
  railties (4.2.0) lib/rails/rack/logger.rb:20:in `block in call'
  activesupport (4.2.0) lib/active_support/tagged_logging.rb:68:in `block in tagged'
  activesupport (4.2.0) lib/active_support/tagged_logging.rb:26:in `tagged'
  activesupport (4.2.0) lib/active_support/tagged_logging.rb:68:in `tagged'
  railties (4.2.0) lib/rails/rack/logger.rb:20:in `call'
  actionpack (4.2.0) lib/action_dispatch/middleware/request_id.rb:21:in `call'
  rack (1.6.0) lib/rack/methodoverride.rb:22:in `call'
  rack (1.6.0) lib/rack/runtime.rb:18:in `call'
  activesupport (4.2.0) lib/active_support/cache/strategy/local_cache_middleware.rb:28:in `call'
  rack (1.6.0) lib/rack/lock.rb:17:in `call'
  actionpack (4.2.0) lib/action_dispatch/middleware/static.rb:113:in `call'
  rack (1.6.0) lib/rack/sendfile.rb:113:in `call'
  railties (4.2.0) lib/rails/engine.rb:518:in `call'
  railties (4.2.0) lib/rails/application.rb:164:in `call'
  rack (1.6.0) lib/rack/lock.rb:17:in `call'
  rack (1.6.0) lib/rack/content_length.rb:15:in `call'
  rack (1.6.0) lib/rack/handler/webrick.rb:89:in `service'
  /Users/annietran/.rvm/rubies/ruby-2.2.0/lib/ruby/2.2.0/webrick/httpserver.rb:138:in `service'
  /Users/annietran/.rvm/rubies/ruby-2.2.0/lib/ruby/2.2.0/webrick/httpserver.rb:94:in `run'
  /Users/annietran/.rvm/rubies/ruby-2.2.0/lib/ruby/2.2.0/webrick/server.rb:294:in `block in start_thread'


  Rendered /Users/annietran/.rvm/gems/ruby-2.2.0/gems/actionpack-4.2.0/lib/action_dispatch/middleware/templates/rescues/_trace.html.erb (3.4ms)
  Rendered /Users/annietran/.rvm/gems/ruby-2.2.0/gems/actionpack-4.2.0/lib/action_dispatch/middleware/templates/routes/_route.html.erb (1.8ms)
  Rendered /Users/annietran/.rvm/gems/ruby-2.2.0/gems/actionpack-4.2.0/lib/action_dispatch/middleware/templates/routes/_table.html.erb (1.4ms)
  Rendered /Users/annietran/.rvm/gems/ruby-2.2.0/gems/actionpack-4.2.0/lib/action_dispatch/middleware/templates/rescues/_request_and_response.html.erb (1.3ms)
  Rendered /Users/annietran/.rvm/gems/ruby-2.2.0/gems/actionpack-4.2.0/lib/action_dispatch/middleware/templates/rescues/routing_error.html.erb within rescues/layout (96.4ms)
  Rendered /Users/annietran/.rvm/gems/ruby-2.2.0/gems/web-console-2.1.2/lib/web_console/templates/_markup.html.erb (0.4ms)
  Rendered /Users/annietran/.rvm/gems/ruby-2.2.0/gems/web-console-2.1.2/lib/web_console/templates/style.css.erb within layouts/inlined_string (0.7ms)
  Rendered /Users/annietran/.rvm/gems/ruby-2.2.0/gems/web-console-2.1.2/lib/web_console/templates/_inner_console_markup.html.erb within layouts/inlined_string (0.3ms)
  Rendered /Users/annietran/.rvm/gems/ruby-2.2.0/gems/web-console-2.1.2/lib/web_console/templates/_prompt_box_markup.html.erb within layouts/inlined_string (0.4ms)
  Rendered /Users/annietran/.rvm/gems/ruby-2.2.0/gems/web-console-2.1.2/lib/web_console/templates/console.js.erb within layouts/javascript (63.3ms)
  Rendered /Users/annietran/.rvm/gems/ruby-2.2.0/gems/web-console-2.1.2/lib/web_console/templates/main.js.erb within layouts/javascript (0.9ms)
  Rendered /Users/annietran/.rvm/gems/ruby-2.2.0/gems/web-console-2.1.2/lib/web_console/templates/error_page.js.erb within layouts/javascript (0.5ms)
  Rendered /Users/annietran/.rvm/gems/ruby-2.2.0/gems/web-console-2.1.2/lib/web_console/templates/index.html.erb (144.3ms)


Started GET "/update" for ::1 at 2015-04-10 21:49:03 -0400

ActionController::RoutingError (uninitialized constant UpdateController):
  activesupport (4.2.0) lib/active_support/inflector/methods.rb:261:in `const_get'
  activesupport (4.2.0) lib/active_support/inflector/methods.rb:261:in `block in constantize'
  activesupport (4.2.0) lib/active_support/inflector/methods.rb:259:in `each'
  activesupport (4.2.0) lib/active_support/inflector/methods.rb:259:in `inject'
  activesupport (4.2.0) lib/active_support/inflector/methods.rb:259:in `constantize'
  actionpack (4.2.0) lib/action_dispatch/routing/route_set.rb:69:in `controller_reference'
  actionpack (4.2.0) lib/action_dispatch/routing/route_set.rb:59:in `controller'
  actionpack (4.2.0) lib/action_dispatch/routing/route_set.rb:38:in `serve'
  actionpack (4.2.0) lib/action_dispatch/journey/router.rb:43:in `block in serve'
  actionpack (4.2.0) lib/action_dispatch/journey/router.rb:30:in `each'
  actionpack (4.2.0) lib/action_dispatch/journey/router.rb:30:in `serve'
  actionpack (4.2.0) lib/action_dispatch/routing/route_set.rb:802:in `call'
  rack (1.6.0) lib/rack/etag.rb:24:in `call'
  rack (1.6.0) lib/rack/conditionalget.rb:25:in `call'
  rack (1.6.0) lib/rack/head.rb:13:in `call'
  actionpack (4.2.0) lib/action_dispatch/middleware/params_parser.rb:27:in `call'
  actionpack (4.2.0) lib/action_dispatch/middleware/flash.rb:260:in `call'
  rack (1.6.0) lib/rack/session/abstract/id.rb:225:in `context'
  rack (1.6.0) lib/rack/session/abstract/id.rb:220:in `call'
  actionpack (4.2.0) lib/action_dispatch/middleware/cookies.rb:560:in `call'
  activerecord (4.2.0) lib/active_record/query_cache.rb:36:in `call'
  activerecord (4.2.0) lib/active_record/connection_adapters/abstract/connection_pool.rb:647:in `call'
  activerecord (4.2.0) lib/active_record/migration.rb:378:in `call'
  actionpack (4.2.0) lib/action_dispatch/middleware/callbacks.rb:29:in `block in call'
  activesupport (4.2.0) lib/active_support/callbacks.rb:88:in `call'
  activesupport (4.2.0) lib/active_support/callbacks.rb:88:in `_run_callbacks'
  activesupport (4.2.0) lib/active_support/callbacks.rb:734:in `_run_call_callbacks'
  activesupport (4.2.0) lib/active_support/callbacks.rb:81:in `run_callbacks'
  actionpack (4.2.0) lib/action_dispatch/middleware/callbacks.rb:27:in `call'
  actionpack (4.2.0) lib/action_dispatch/middleware/reloader.rb:73:in `call'
  actionpack (4.2.0) lib/action_dispatch/middleware/remote_ip.rb:78:in `call'
  actionpack (4.2.0) lib/action_dispatch/middleware/debug_exceptions.rb:17:in `call'
  web-console (2.1.2) lib/web_console/middleware.rb:37:in `call'
  actionpack (4.2.0) lib/action_dispatch/middleware/show_exceptions.rb:30:in `call'
  railties (4.2.0) lib/rails/rack/logger.rb:38:in `call_app'
  railties (4.2.0) lib/rails/rack/logger.rb:20:in `block in call'
  activesupport (4.2.0) lib/active_support/tagged_logging.rb:68:in `block in tagged'
  activesupport (4.2.0) lib/active_support/tagged_logging.rb:26:in `tagged'
  activesupport (4.2.0) lib/active_support/tagged_logging.rb:68:in `tagged'
  railties (4.2.0) lib/rails/rack/logger.rb:20:in `call'
  actionpack (4.2.0) lib/action_dispatch/middleware/request_id.rb:21:in `call'
  rack (1.6.0) lib/rack/methodoverride.rb:22:in `call'
  rack (1.6.0) lib/rack/runtime.rb:18:in `call'
  activesupport (4.2.0) lib/active_support/cache/strategy/local_cache_middleware.rb:28:in `call'
  rack (1.6.0) lib/rack/lock.rb:17:in `call'
  actionpack (4.2.0) lib/action_dispatch/middleware/static.rb:113:in `call'
  rack (1.6.0) lib/rack/sendfile.rb:113:in `call'
  railties (4.2.0) lib/rails/engine.rb:518:in `call'
  railties (4.2.0) lib/rails/application.rb:164:in `call'
  rack (1.6.0) lib/rack/lock.rb:17:in `call'
  rack (1.6.0) lib/rack/content_length.rb:15:in `call'
  rack (1.6.0) lib/rack/handler/webrick.rb:89:in `service'
  /Users/annietran/.rvm/rubies/ruby-2.2.0/lib/ruby/2.2.0/webrick/httpserver.rb:138:in `service'
  /Users/annietran/.rvm/rubies/ruby-2.2.0/lib/ruby/2.2.0/webrick/httpserver.rb:94:in `run'
  /Users/annietran/.rvm/rubies/ruby-2.2.0/lib/ruby/2.2.0/webrick/server.rb:294:in `block in start_thread'


  Rendered /Users/annietran/.rvm/gems/ruby-2.2.0/gems/actionpack-4.2.0/lib/action_dispatch/middleware/templates/rescues/_trace.html.erb (2.3ms)
  Rendered /Users/annietran/.rvm/gems/ruby-2.2.0/gems/actionpack-4.2.0/lib/action_dispatch/middleware/templates/routes/_route.html.erb (1.6ms)
  Rendered /Users/annietran/.rvm/gems/ruby-2.2.0/gems/actionpack-4.2.0/lib/action_dispatch/middleware/templates/routes/_table.html.erb (2.3ms)
  Rendered /Users/annietran/.rvm/gems/ruby-2.2.0/gems/actionpack-4.2.0/lib/action_dispatch/middleware/templates/rescues/_request_and_response.html.erb (1.7ms)
  Rendered /Users/annietran/.rvm/gems/ruby-2.2.0/gems/actionpack-4.2.0/lib/action_dispatch/middleware/templates/rescues/routing_error.html.erb within rescues/layout (96.0ms)
  Rendered /Users/annietran/.rvm/gems/ruby-2.2.0/gems/web-console-2.1.2/lib/web_console/templates/_markup.html.erb (0.6ms)
  Rendered /Users/annietran/.rvm/gems/ruby-2.2.0/gems/web-console-2.1.2/lib/web_console/templates/style.css.erb within layouts/inlined_string (0.4ms)
  Rendered /Users/annietran/.rvm/gems/ruby-2.2.0/gems/web-console-2.1.2/lib/web_console/templates/_inner_console_markup.html.erb within layouts/inlined_string (0.4ms)
  Rendered /Users/annietran/.rvm/gems/ruby-2.2.0/gems/web-console-2.1.2/lib/web_console/templates/_prompt_box_markup.html.erb within layouts/inlined_string (0.4ms)
  Rendered /Users/annietran/.rvm/gems/ruby-2.2.0/gems/web-console-2.1.2/lib/web_console/templates/console.js.erb within layouts/javascript (57.3ms)
  Rendered /Users/annietran/.rvm/gems/ruby-2.2.0/gems/web-console-2.1.2/lib/web_console/templates/main.js.erb within layouts/javascript (0.4ms)
  Rendered /Users/annietran/.rvm/gems/ruby-2.2.0/gems/web-console-2.1.2/lib/web_console/templates/error_page.js.erb within layouts/javascript (0.5ms)
  Rendered /Users/annietran/.rvm/gems/ruby-2.2.0/gems/web-console-2.1.2/lib/web_console/templates/index.html.erb (126.3ms)


Started GET "/patients" for ::1 at 2015-04-10 21:49:07 -0400
Processing by PatientsController#index as HTML
  [1m[36mPatient Load (0.5ms)[0m  [1mSELECT "patients".* FROM "patients"[0m
  Rendered patients/index.html.erb within layouts/application (2.2ms)
Completed 200 OK in 110ms (Views: 91.0ms | ActiveRecord: 0.7ms)


Started GET "/assets/scaffolds-c8ef6f27dee7de1209db9f5ea063d43f.css?body=1" for ::1 at 2015-04-10 21:49:07 -0400


Started GET "/assets/jquery-87424c3c19e96d4fb033c10ebe21ec40.js?body=1" for ::1 at 2015-04-10 21:49:07 -0400


Started GET "/assets/patients-64e62ddc273c2f5847f30d698ca14b67.css?body=1" for ::1 at 2015-04-10 21:49:07 -0400


Started GET "/assets/updates-64e62ddc273c2f5847f30d698ca14b67.css?body=1" for ::1 at 2015-04-10 21:49:07 -0400


Started GET "/assets/turbolinks-f87b3583ca50adb0488b031297f5580d.js?body=1" for ::1 at 2015-04-10 21:49:07 -0400


Started GET "/assets/application-886b60710b935afa87e768d196b427eb.css?body=1" for ::1 at 2015-04-10 21:49:07 -0400


Started GET "/assets/jquery_ujs-e27bd20a10d28155845a22d71ef94f2f.js?body=1" for ::1 at 2015-04-10 21:49:07 -0400


Started GET "/assets/patients-fcec5b5a277ac7c20cc9f45a209a3bcd.js?body=1" for ::1 at 2015-04-10 21:49:07 -0400


Started GET "/assets/updates-fcec5b5a277ac7c20cc9f45a209a3bcd.js?body=1" for ::1 at 2015-04-10 21:49:07 -0400


Started GET "/assets/application-d5dd9df895e734baa4e6c45e5b5415a9.js?body=1" for ::1 at 2015-04-10 21:49:07 -0400


Started GET "/patients" for ::1 at 2015-04-10 21:49:22 -0400
Processing by PatientsController#index as HTML
Completed 500 Internal Server Error in 108ms

ArgumentError (You tried to define an association named update on the model Patient, but this will conflict with a method update already defined by Active Record. Please choose a different association name.):
  app/models/patient.rb:2:in `<class:Patient>'
  app/models/patient.rb:1:in `<top (required)>'
  app/controllers/patients_controller.rb:7:in `index'


  Rendered /Users/annietran/.rvm/gems/ruby-2.2.0/gems/actionpack-4.2.0/lib/action_dispatch/middleware/templates/rescues/_source.erb (6.9ms)
  Rendered /Users/annietran/.rvm/gems/ruby-2.2.0/gems/actionpack-4.2.0/lib/action_dispatch/middleware/templates/rescues/_trace.html.erb (2.8ms)
  Rendered /Users/annietran/.rvm/gems/ruby-2.2.0/gems/actionpack-4.2.0/lib/action_dispatch/middleware/templates/rescues/_request_and_response.html.erb (1.0ms)
  Rendered /Users/annietran/.rvm/gems/ruby-2.2.0/gems/actionpack-4.2.0/lib/action_dispatch/middleware/templates/rescues/diagnostics.html.erb within rescues/layout (75.8ms)
  Rendered /Users/annietran/.rvm/gems/ruby-2.2.0/gems/web-console-2.1.2/lib/web_console/templates/_markup.html.erb (0.3ms)
  Rendered /Users/annietran/.rvm/gems/ruby-2.2.0/gems/web-console-2.1.2/lib/web_console/templates/style.css.erb within layouts/inlined_string (0.3ms)
  Rendered /Users/annietran/.rvm/gems/ruby-2.2.0/gems/web-console-2.1.2/lib/web_console/templates/_inner_console_markup.html.erb within layouts/inlined_string (0.3ms)
  Rendered /Users/annietran/.rvm/gems/ruby-2.2.0/gems/web-console-2.1.2/lib/web_console/templates/_prompt_box_markup.html.erb within layouts/inlined_string (0.3ms)
  Rendered /Users/annietran/.rvm/gems/ruby-2.2.0/gems/web-console-2.1.2/lib/web_console/templates/console.js.erb within layouts/javascript (60.8ms)
  Rendered /Users/annietran/.rvm/gems/ruby-2.2.0/gems/web-console-2.1.2/lib/web_console/templates/main.js.erb within layouts/javascript (0.4ms)
  Rendered /Users/annietran/.rvm/gems/ruby-2.2.0/gems/web-console-2.1.2/lib/web_console/templates/error_page.js.erb within layouts/javascript (0.5ms)
  Rendered /Users/annietran/.rvm/gems/ruby-2.2.0/gems/web-console-2.1.2/lib/web_console/templates/index.html.erb (130.3ms)


Started GET "/patients" for ::1 at 2015-04-10 21:49:52 -0400
Processing by PatientsController#index as HTML
Completed 500 Internal Server Error in 2ms

ArgumentError (You tried to define an association named update on the model Patient, but this will conflict with a method update already defined by Active Record. Please choose a different association name.):
  app/models/patient.rb:2:in `<class:Patient>'
  app/models/patient.rb:1:in `<top (required)>'
  app/controllers/patients_controller.rb:7:in `index'


  Rendered /Users/annietran/.rvm/gems/ruby-2.2.0/gems/actionpack-4.2.0/lib/action_dispatch/middleware/templates/rescues/_source.erb (7.8ms)
  Rendered /Users/annietran/.rvm/gems/ruby-2.2.0/gems/actionpack-4.2.0/lib/action_dispatch/middleware/templates/rescues/_trace.html.erb (6.3ms)
  Rendered /Users/annietran/.rvm/gems/ruby-2.2.0/gems/actionpack-4.2.0/lib/action_dispatch/middleware/templates/rescues/_request_and_response.html.erb (1.0ms)
  Rendered /Users/annietran/.rvm/gems/ruby-2.2.0/gems/actionpack-4.2.0/lib/action_dispatch/middleware/templates/rescues/diagnostics.html.erb within rescues/layout (85.6ms)
  Rendered /Users/annietran/.rvm/gems/ruby-2.2.0/gems/web-console-2.1.2/lib/web_console/templates/_markup.html.erb (0.4ms)
  Rendered /Users/annietran/.rvm/gems/ruby-2.2.0/gems/web-console-2.1.2/lib/web_console/templates/style.css.erb within layouts/inlined_string (0.4ms)
  Rendered /Users/annietran/.rvm/gems/ruby-2.2.0/gems/web-console-2.1.2/lib/web_console/templates/_inner_console_markup.html.erb within layouts/inlined_string (0.4ms)
  Rendered /Users/annietran/.rvm/gems/ruby-2.2.0/gems/web-console-2.1.2/lib/web_console/templates/_prompt_box_markup.html.erb within layouts/inlined_string (0.3ms)
  Rendered /Users/annietran/.rvm/gems/ruby-2.2.0/gems/web-console-2.1.2/lib/web_console/templates/console.js.erb within layouts/javascript (62.2ms)
  Rendered /Users/annietran/.rvm/gems/ruby-2.2.0/gems/web-console-2.1.2/lib/web_console/templates/main.js.erb within layouts/javascript (0.4ms)
  Rendered /Users/annietran/.rvm/gems/ruby-2.2.0/gems/web-console-2.1.2/lib/web_console/templates/error_page.js.erb within layouts/javascript (0.5ms)
  Rendered /Users/annietran/.rvm/gems/ruby-2.2.0/gems/web-console-2.1.2/lib/web_console/templates/index.html.erb (139.8ms)


Started GET "/patients" for ::1 at 2015-04-10 21:49:58 -0400
Processing by PatientsController#index as HTML
Completed 500 Internal Server Error in 3ms

ArgumentError (You tried to define an association named update on the model Patient, but this will conflict with a method update already defined by Active Record. Please choose a different association name.):
  app/models/patient.rb:2:in `<class:Patient>'
  app/models/patient.rb:1:in `<top (required)>'
  app/controllers/patients_controller.rb:7:in `index'


  Rendered /Users/annietran/.rvm/gems/ruby-2.2.0/gems/actionpack-4.2.0/lib/action_dispatch/middleware/templates/rescues/_source.erb (9.8ms)
  Rendered /Users/annietran/.rvm/gems/ruby-2.2.0/gems/actionpack-4.2.0/lib/action_dispatch/middleware/templates/rescues/_trace.html.erb (3.6ms)
  Rendered /Users/annietran/.rvm/gems/ruby-2.2.0/gems/actionpack-4.2.0/lib/action_dispatch/middleware/templates/rescues/_request_and_response.html.erb (1.0ms)
  Rendered /Users/annietran/.rvm/gems/ruby-2.2.0/gems/actionpack-4.2.0/lib/action_dispatch/middleware/templates/rescues/diagnostics.html.erb within rescues/layout (77.5ms)
  Rendered /Users/annietran/.rvm/gems/ruby-2.2.0/gems/web-console-2.1.2/lib/web_console/templates/_markup.html.erb (0.6ms)
  Rendered /Users/annietran/.rvm/gems/ruby-2.2.0/gems/web-console-2.1.2/lib/web_console/templates/style.css.erb within layouts/inlined_string (0.4ms)
  Rendered /Users/annietran/.rvm/gems/ruby-2.2.0/gems/web-console-2.1.2/lib/web_console/templates/_inner_console_markup.html.erb within layouts/inlined_string (0.4ms)
  Rendered /Users/annietran/.rvm/gems/ruby-2.2.0/gems/web-console-2.1.2/lib/web_console/templates/_prompt_box_markup.html.erb within layouts/inlined_string (0.6ms)
  Rendered /Users/annietran/.rvm/gems/ruby-2.2.0/gems/web-console-2.1.2/lib/web_console/templates/console.js.erb within layouts/javascript (59.8ms)
  Rendered /Users/annietran/.rvm/gems/ruby-2.2.0/gems/web-console-2.1.2/lib/web_console/templates/main.js.erb within layouts/javascript (0.6ms)
  Rendered /Users/annietran/.rvm/gems/ruby-2.2.0/gems/web-console-2.1.2/lib/web_console/templates/error_page.js.erb within layouts/javascript (0.5ms)
  Rendered /Users/annietran/.rvm/gems/ruby-2.2.0/gems/web-console-2.1.2/lib/web_console/templates/index.html.erb (137.7ms)


Started GET "/patients" for ::1 at 2015-04-10 21:50:03 -0400
Processing by PatientsController#index as HTML
  [1m[35mPatient Load (0.4ms)[0m  SELECT "patients".* FROM "patients"
  Rendered patients/index.html.erb within layouts/application (1.9ms)
Completed 200 OK in 90ms (Views: 86.7ms | ActiveRecord: 0.6ms)


Started GET "/assets/patients-64e62ddc273c2f5847f30d698ca14b67.css?body=1" for ::1 at 2015-04-10 21:50:03 -0400


Started GET "/assets/scaffolds-c8ef6f27dee7de1209db9f5ea063d43f.css?body=1" for ::1 at 2015-04-10 21:50:03 -0400


Started GET "/assets/jquery-87424c3c19e96d4fb033c10ebe21ec40.js?body=1" for ::1 at 2015-04-10 21:50:03 -0400


Started GET "/assets/application-886b60710b935afa87e768d196b427eb.css?body=1" for ::1 at 2015-04-10 21:50:03 -0400


Started GET "/assets/updates-64e62ddc273c2f5847f30d698ca14b67.css?body=1" for ::1 at 2015-04-10 21:50:03 -0400


Started GET "/assets/turbolinks-f87b3583ca50adb0488b031297f5580d.js?body=1" for ::1 at 2015-04-10 21:50:03 -0400


Started GET "/assets/jquery_ujs-e27bd20a10d28155845a22d71ef94f2f.js?body=1" for ::1 at 2015-04-10 21:50:03 -0400


Started GET "/assets/patients-fcec5b5a277ac7c20cc9f45a209a3bcd.js?body=1" for ::1 at 2015-04-10 21:50:03 -0400


Started GET "/assets/updates-fcec5b5a277ac7c20cc9f45a209a3bcd.js?body=1" for ::1 at 2015-04-10 21:50:03 -0400


Started GET "/assets/application-d5dd9df895e734baa4e6c45e5b5415a9.js?body=1" for ::1 at 2015-04-10 21:50:03 -0400


Started GET "/patients/new" for ::1 at 2015-04-10 21:52:00 -0400
Processing by PatientsController#new as HTML
  Rendered patients/_form.html.erb (3.1ms)
  Rendered patients/new.html.erb within layouts/application (7.2ms)
Completed 200 OK in 340ms (Views: 323.5ms | ActiveRecord: 0.9ms)


Started GET "/patients/new" for ::1 at 2015-04-10 21:52:01 -0400
Processing by PatientsController#new as HTML
  Rendered patients/_form.html.erb (4.3ms)
  Rendered patients/new.html.erb within layouts/application (8.8ms)
Completed 200 OK in 80ms (Views: 78.9ms | ActiveRecord: 0.0ms)


Started GET "/assets/patients-64e62ddc273c2f5847f30d698ca14b67.css?body=1" for ::1 at 2015-04-10 21:52:01 -0400


Started GET "/assets/scaffolds-c8ef6f27dee7de1209db9f5ea063d43f.css?body=1" for ::1 at 2015-04-10 21:52:01 -0400


Started GET "/assets/application-886b60710b935afa87e768d196b427eb.css?body=1" for ::1 at 2015-04-10 21:52:01 -0400


Started GET "/assets/jquery-87424c3c19e96d4fb033c10ebe21ec40.js?body=1" for ::1 at 2015-04-10 21:52:01 -0400


Started GET "/assets/turbolinks-f87b3583ca50adb0488b031297f5580d.js?body=1" for ::1 at 2015-04-10 21:52:01 -0400


Started GET "/assets/jquery_ujs-e27bd20a10d28155845a22d71ef94f2f.js?body=1" for ::1 at 2015-04-10 21:52:01 -0400


Started GET "/assets/patients-fcec5b5a277ac7c20cc9f45a209a3bcd.js?body=1" for ::1 at 2015-04-10 21:52:01 -0400


Started GET "/assets/application-001948a807d6467a657420955d9f0c1c.js?body=1" for ::1 at 2015-04-10 21:52:01 -0400
  [1m[36mActiveRecord::SchemaMigration Load (0.2ms)[0m  [1mSELECT "schema_migrations".* FROM "schema_migrations"[0m
  [1m[35mActiveRecord::SchemaMigration Load (0.1ms)[0m  SELECT "schema_migrations".* FROM "schema_migrations"


Started GET "/" for ::1 at 2015-04-10 21:54:34 -0400
  [1m[36mActiveRecord::SchemaMigration Load (0.1ms)[0m  [1mSELECT "schema_migrations".* FROM "schema_migrations"[0m
Processing by PatientsController#index as HTML
  [1m[35mPatient Load (0.3ms)[0m  SELECT "patients".* FROM "patients"
  Rendered patients/index.html.erb within layouts/application (5.6ms)
Completed 200 OK in 776ms (Views: 721.0ms | ActiveRecord: 0.6ms)


Started GET "/assets/patients-64e62ddc273c2f5847f30d698ca14b67.css?body=1" for ::1 at 2015-04-10 21:54:35 -0400


Started GET "/assets/application-886b60710b935afa87e768d196b427eb.css?body=1" for ::1 at 2015-04-10 21:54:35 -0400


Started GET "/assets/jquery_ujs-e27bd20a10d28155845a22d71ef94f2f.js?body=1" for ::1 at 2015-04-10 21:54:35 -0400


Started GET "/assets/scaffolds-c8ef6f27dee7de1209db9f5ea063d43f.css?body=1" for ::1 at 2015-04-10 21:54:35 -0400


Started GET "/assets/jquery-87424c3c19e96d4fb033c10ebe21ec40.js?body=1" for ::1 at 2015-04-10 21:54:35 -0400


Started GET "/assets/turbolinks-f87b3583ca50adb0488b031297f5580d.js?body=1" for ::1 at 2015-04-10 21:54:35 -0400


Started GET "/assets/patients-fcec5b5a277ac7c20cc9f45a209a3bcd.js?body=1" for ::1 at 2015-04-10 21:54:35 -0400


Started GET "/assets/application-001948a807d6467a657420955d9f0c1c.js?body=1" for ::1 at 2015-04-10 21:54:35 -0400
